0 silly argv {
0 silly argv   _: [ 'version' ],
0 silly argv   lernaVersion: '3.20.2',
0 silly argv   '$0': 'C:\\Users\\bogdanovsi\\AppData\\Roaming\\npm\\node_modules\\lerna\\cli.js'
0 silly argv }
1 notice cli v3.20.2
2 verbose rootPath C:\_git\_github\lerna-yarn-react-example
3 info current version 0.0.0
4 silly isAnythingCommitted
5 verbose isAnythingCommitted 1
6 silly currentBranch
7 verbose currentBranch master
8 silly remoteBranchExists
9 silly isBehindUpstream
10 silly isBehindUpstream master is behind origin/master by 0 commit(s) and ahead by 0
11 silly hasTags
12 verbose hasTags false
13 info Assuming all packages changed
14 verbose updated common-utils
15 verbose updated product-one
16 verbose updated ui-components
17 verbose git-describe undefined => "945a7f8"
18 silly git-describe parsed => {"refCount":"5","sha":"945a7f8","isDirty":false}
19 info execute Skipping releases
20 silly lifecycle No script for "preversion" in "root", continuing
21 silly lifecycle No script for "preversion" in "common-utils", continuing
22 silly lifecycle No script for "preversion" in "product-one", continuing
23 silly lifecycle No script for "preversion" in "ui-components", continuing
24 silly lifecycle No script for "version" in "product-one", continuing
25 silly lifecycle No script for "version" in "ui-components", continuing
26 silly lifecycle No script for "version" in "common-utils", continuing
27 silly lifecycle No script for "version" in "root", continuing
28 silly gitAdd [
28 silly gitAdd   'C:\\_git\\_github\\lerna-yarn-react-example\\packages\\product-one\\package.json',
28 silly gitAdd   'C:\\_git\\_github\\lerna-yarn-react-example\\packages\\ui-components\\package.json',
28 silly gitAdd   'C:\\_git\\_github\\lerna-yarn-react-example\\packages\\common-utils\\package.json',
28 silly gitAdd   'C:\\_git\\_github\\lerna-yarn-react-example\\lerna.json'
28 silly gitAdd ]
29 silly gitCommit v0.0.1
30 verbose git [ 'commit', '-m', 'v0.0.1' ]
31 silly gitTag v0.0.1
32 verbose git [ 'tag', 'v0.0.1', '-m', 'v0.0.1' ]
33 silly lifecycle No script for "postversion" in "common-utils", continuing
34 silly lifecycle No script for "postversion" in "product-one", continuing
35 silly lifecycle No script for "postversion" in "ui-components", continuing
36 silly lifecycle No script for "postversion" in "root", continuing
37 info git Pushing tags...
38 silly gitPush origin master
39 error Error: Command failed: git push --follow-tags --no-verify --atomic origin master
39 error remote: Permission to saurabhnemade/lerna-yarn-react-example.git denied to bogdanovsi.
39 error fatal: unable to access 'https://github.com/saurabhnemade/lerna-yarn-react-example.git/': The requested URL returned error: 403
39 error
39 error     at makeError (C:\_git\_github\lerna-yarn-react-example\node_modules\execa\index.js:174:9)
39 error     at C:\_git\_github\lerna-yarn-react-example\node_modules\execa\index.js:278:16
